# JRE version: Java(TM) SE Runtime Environment (7.0_71-b14) (build 1.7.0_71-b14)
# Java VM: Java HotSpot(TM) Client VM (24.71-b01 mixed mode windows-x86 )
Heap
 par new generation   total 18432K, used 4677K [0x0f200000, 0x10600000, 0x19ca0000)
  eden space 16384K,  20% used [0x0f200000, 0x0f53f790, 0x10200000)
  from space 2048K,  65% used [0x10400000, 0x10551d30, 0x10600000)
  to   space 2048K,   0% used [0x10200000, 0x10200000, 0x10400000)
 concurrent mark-sweep generation total 56888K, used 45151K [0x19ca0000, 0x1d42e000, 0x2f200000)
 concurrent-mark-sweep perm gen total 65536K, used 50539K [0x2f200000, 0x33200000, 0x33200000)
GC Heap History (10 events):
Event: 183.553 GC heap before
{Heap before GC invocations=270 (full 13):
 par new generation   total 18432K, used 18430K [0x0f200000, 0x10600000, 0x19ca0000)
  eden space 16384K, 100% used [0x0f200000, 0x10200000, 0x10200000)
  from space 2048K,  99% used [0x10200000, 0x103ffb60, 0x10400000)
  to   space 2048K,   0% used [0x10400000, 0x10400000, 0x10600000)
 concurrent mark-sweep generation total 56888K, used 45151K [0x19ca0000, 0x1d42e000, 0x2f200000)
 concurrent-mark-sweep perm gen total 65536K, used 50097K [0x2f200000, 0x33200000, 0x33200000)
Event: 183.558 GC heap after
Heap after GC invocations=271 (full 13):
 par new generation   total 18432K, used 1298K [0x0f200000, 0x10600000, 0x19ca0000)
  eden space 16384K,   0% used [0x0f200000, 0x0f200000, 0x10200000)
  from space 2048K,  63% used [0x10400000, 0x105449d0, 0x10600000)
  to   space 2048K,   0% used [0x10200000, 0x10200000, 0x10400000)
 concurrent mark-sweep generation total 56888K, used 45151K [0x19ca0000, 0x1d42e000, 0x2f200000)
 concurrent-mark-sweep perm gen total 65536K, used 50097K [0x2f200000, 0x33200000, 0x33200000)
}
Event: 183.654 GC heap before
{Heap before GC invocations=271 (full 13):
 par new generation   total 18432K, used 17682K [0x0f200000, 0x10600000, 0x19ca0000)
  eden space 16384K, 100% used [0x0f200000, 0x10200000, 0x10200000)
  from space 2048K,  63% used [0x10400000, 0x105449d0, 0x10600000)
  to   space 2048K,   0% used [0x10200000, 0x10200000, 0x10400000)
 concurrent mark-sweep generation total 56888K, used 45151K [0x19ca0000, 0x1d42e000, 0x2f200000)
 concurrent-mark-sweep perm gen total 65536K, used 50097K [0x2f200000, 0x33200000, 0x33200000)
Event: 183.657 GC heap after
Heap after GC invocations=272 (full 13):
 par new generation   total 18432K, used 1103K [0x0f200000, 0x10600000, 0x19ca0000)
  eden space 16384K,   0% used [0x0f200000, 0x0f200000, 0x10200000)
  from space 2048K,  53% used [0x10200000, 0x10313ca0, 0x10400000)
  to   space 2048K,   0% used [0x10400000, 0x10400000, 0x10600000)
 concurrent mark-sweep generation total 56888K, used 45151K [0x19ca0000, 0x1d42e000, 0x2f200000)
 concurrent-mark-sweep perm gen total 65536K, used 50097K [0x2f200000, 0x33200000, 0x33200000)
}
Event: 183.728 GC heap before
{Heap before GC invocations=272 (full 13):
 par new generation   total 18432K, used 17487K [0x0f200000, 0x10600000, 0x19ca0000)
  eden space 16384K, 100% used [0x0f200000, 0x10200000, 0x10200000)
  from space 2048K,  53% used [0x10200000, 0x10313ca0, 0x10400000)
  to   space 2048K,   0% used [0x10400000, 0x10400000, 0x10600000)
 concurrent mark-sweep generation total 56888K, used 45151K [0x19ca0000, 0x1d42e000, 0x2f200000)
 concurrent-mark-sweep perm gen total 65536K, used 50097K [0x2f200000, 0x33200000, 0x33200000)
Event: 183.731 GC heap after
Heap after GC invocations=273 (full 13):
 par new generation   total 18432K, used 958K [0x0f200000, 0x10600000, 0x19ca0000)
  eden space 16384K,   0% used [0x0f200000, 0x0f200000, 0x10200000)
  from space 2048K,  46% used [0x10400000, 0x104ef9b8, 0x10600000)
  to   space 2048K,   0% used [0x10200000, 0x10200000, 0x10400000)
 concurrent mark-sweep generation total 56888K, used 45151K [0x19ca0000, 0x1d42e000, 0x2f200000)
 concurrent-mark-sweep perm gen total 65536K, used 50097K [0x2f200000, 0x33200000, 0x33200000)
}
Event: 183.781 GC heap before
{Heap before GC invocations=273 (full 13):
 par new generation   total 18432K, used 17342K [0x0f200000, 0x10600000, 0x19ca0000)
  eden space 16384K, 100% used [0x0f200000, 0x10200000, 0x10200000)
  from space 2048K,  46% used [0x10400000, 0x104ef9b8, 0x10600000)
  to   space 2048K,   0% used [0x10200000, 0x10200000, 0x10400000)
 concurrent mark-sweep generation total 56888K, used 45151K [0x19ca0000, 0x1d42e000, 0x2f200000)
 concurrent-mark-sweep perm gen total 65536K, used 50097K [0x2f200000, 0x33200000, 0x33200000)
Event: 183.784 GC heap after
Heap after GC invocations=274 (full 13):
 par new generation   total 18432K, used 1152K [0x0f200000, 0x10600000, 0x19ca0000)
  eden space 16384K,   0% used [0x0f200000, 0x0f200000, 0x10200000)
  from space 2048K,  56% used [0x10200000, 0x103203c0, 0x10400000)
  to   space 2048K,   0% used [0x10400000, 0x10400000, 0x10600000)
 concurrent mark-sweep generation total 56888K, used 45151K [0x19ca0000, 0x1d42e000, 0x2f200000)
 concurrent-mark-sweep perm gen total 65536K, used 50097K [0x2f200000, 0x33200000, 0x33200000)
}
Event: 184.751 GC heap before
{Heap before GC invocations=274 (full 13):
 par new generation   total 18432K, used 17536K [0x0f200000, 0x10600000, 0x19ca0000)
  eden space 16384K, 100% used [0x0f200000, 0x10200000, 0x10200000)
  from space 2048K,  56% used [0x10200000, 0x103203c0, 0x10400000)
  to   space 2048K,   0% used [0x10400000, 0x10400000, 0x10600000)
 concurrent mark-sweep generation total 56888K, used 45151K [0x19ca0000, 0x1d42e000, 0x2f200000)
 concurrent-mark-sweep perm gen total 65536K, used 50191K [0x2f200000, 0x33200000, 0x33200000)
Event: 184.755 GC heap after
Heap after GC invocations=275 (full 13):
 par new generation   total 18432K, used 1351K [0x0f200000, 0x10600000, 0x19ca0000)
  eden space 16384K,   0% used [0x0f200000, 0x0f200000, 0x10200000)
  from space 2048K,  65% used [0x10400000, 0x10551d30, 0x10600000)
  to   space 2048K,   0% used [0x10200000, 0x10200000, 0x10400000)
 concurrent mark-sweep generation total 56888K, used 45151K [0x19ca0000, 0x1d42e000, 0x2f200000)
 concurrent-mark-sweep perm gen total 65536K, used 50191K [0x2f200000, 0x33200000, 0x33200000)
}

